C51 COMPILER V9.54   MAIN                                                                  01/08/2023 19:52:54 PAGE 1   


C51 COMPILER V9.54, COMPILATION OF MODULE MAIN
OBJECT MODULE PLACED IN .\Objects\main.obj
COMPILER INVOKED BY: E:\keil5\C51\BIN\C51.EXE main.c OPTIMIZE(8,SPEED) BROWSE DEBUG OBJECTEXTEND PRINT(.\Listings\main.l
                    -st) OBJECT(.\Objects\main.obj)

line level    source

   1          #include <REGX52.H>
   2          
   3          void Delay1ms(unsigned int xms)         //@12.000MHz
   4          {
   5   1              unsigned char i, j;
   6   1              while(xms) 
   7   1              {
   8   2                      i = 2;
   9   2                      j = 239;
  10   2                      do
  11   2                      {
  12   3                              while (--j);
  13   3                      } while (--i);
  14   2                      xms--;
  15   2              }
  16   1              
  17   1      }
  18          
  19          void main()
  20          {
  21   1              while(1)
  22   1              {
  23   2                      if(P3_1==0) // 按下k1
  24   2                      {
  25   3                              Delay1ms(20);
  26   3                              while(P3_1==0); // 如果一直按着k1不放手，则进入死循环
  27   3                              Delay1ms(20);
  28   3                              P2_0=~P2_0; // 直到松开k1，led的D1状态取反
  29   3                      }
  30   2              }
  31   1      }


MODULE INFORMATION:   STATIC OVERLAYABLE
   CODE SIZE        =     44    ----
   CONSTANT SIZE    =   ----    ----
   XDATA SIZE       =   ----    ----
   PDATA SIZE       =   ----    ----
   DATA SIZE        =   ----    ----
   IDATA SIZE       =   ----    ----
   BIT SIZE         =   ----    ----
END OF MODULE INFORMATION.


C51 COMPILATION COMPLETE.  0 WARNING(S),  0 ERROR(S)
