C51 COMPILER V9.54   MAIN                                                                  01/08/2023 23:11:07 PAGE 1   


C51 COMPILER V9.54, COMPILATION OF MODULE MAIN
OBJECT MODULE PLACED IN .\Objects\main.obj
COMPILER INVOKED BY: E:\keil5\C51\BIN\C51.EXE main.c OPTIMIZE(8,SPEED) BROWSE DEBUG OBJECTEXTEND PRINT(.\Listings\main.l
                    -st) OBJECT(.\Objects\main.obj)

line level    source

   1          #include <REGX52.H>
   2          void Delay1ms(unsigned int xms);                //@12.000MHz
   3          unsigned char LEDNum; // 全局变量默认0
   4          void main()
   5          {
   6   1              P2=~0x01;
   7   1              while(1)
   8   1              {
   9   2                      if(P3_1==0)
  10   2                      {
  11   3                              Delay1ms(20);
  12   3                              while(P3_1==0);
  13   3                              Delay1ms(20);
  14   3                              
  15   3                              LEDNum++;
  16   3                              if(LEDNum>=8) 
  17   3                                      LEDNum=0;
  18   3                              P2=~(0x01<<LEDNum);
  19   3                              
  20   3                      }
  21   2                      
  22   2                      if(P3_0==0)
  23   2                      {
  24   3                              Delay1ms(20);
  25   3                              while(P3_0==0);
  26   3                              Delay1ms(20);
  27   3                              
  28   3                              if(LEDNum==0)
  29   3                              {
  30   4                                      LEDNum=7;
  31   4                              }
  32   3                              else
  33   3                              {
  34   4                                      LEDNum--;
  35   4                              }
  36   3                              P2=~(0x01<<LEDNum);
  37   3                      }
  38   2              }
  39   1      }
  40          
  41          void Delay1ms(unsigned int xms)         //@12.000MHz
  42          {
  43   1              unsigned char i, j;
  44   1              while(xms--) 
  45   1              {
  46   2                      i = 2;
  47   2                      j = 239;
  48   2                      do
  49   2                      {
  50   3                              while (--j);
  51   3                      } while (--i);
  52   2              }
  53   1              
  54   1      }
C51 COMPILER V9.54   MAIN                                                                  01/08/2023 23:11:07 PAGE 2   



MODULE INFORMATION:   STATIC OVERLAYABLE
   CODE SIZE        =    109    ----
   CONSTANT SIZE    =   ----    ----
   XDATA SIZE       =   ----    ----
   PDATA SIZE       =   ----    ----
   DATA SIZE        =      1    ----
   IDATA SIZE       =   ----    ----
   BIT SIZE         =   ----    ----
END OF MODULE INFORMATION.


C51 COMPILATION COMPLETE.  0 WARNING(S),  0 ERROR(S)
