C51 COMPILER V9.54   MAIN                                                                  01/08/2023 23:26:03 PAGE 1   


C51 COMPILER V9.54, COMPILATION OF MODULE MAIN
OBJECT MODULE PLACED IN .\Objects\main.obj
COMPILER INVOKED BY: E:\keil5\C51\BIN\C51.EXE main.c OPTIMIZE(8,SPEED) BROWSE DEBUG OBJECTEXTEND PRINT(.\Listings\main.l
                    -st) OBJECT(.\Objects\main.obj)

line level    source

   1          #include <REGX52.H>
   2          char num=-1;
   3          void Delay1ms(unsigned int xms)         //@12.000MHz
   4          {
   5   1              unsigned char i, j;
   6   1              while(xms--) 
   7   1              {
   8   2                      i = 2;
   9   2                      j = 239;
  10   2                      do
  11   2                      {
  12   3                              while (--j);
  13   3                      } while (--i);
  14   2              }
  15   1              
  16   1      }
  17          
  18          void main()
  19          {
  20   1              while(1)
  21   1              {
  22   2                      if(P3_1==0)
  23   2                      {
  24   3                              Delay1ms(20);
  25   3                              while(P3_1==0);
  26   3                              Delay1ms(20);
  27   3                              
  28   3                              if(num==7) 
  29   3                              {
  30   4                                      num=-1;
  31   4                              }
  32   3                              num++;
  33   3                              P2=~(0x01<<num);
  34   3                              
  35   3                      }
  36   2                      if(P3_0==0)
  37   2                      {
  38   3                              Delay1ms(20);
  39   3                              while(P3_0==0);
  40   3                              Delay1ms(20);
  41   3                              
  42   3                              if(num==0 || num==-1)
  43   3                              {
  44   4                                      num=7;
  45   4                              }
  46   3                              else
  47   3                              {
  48   4                                      num--;
  49   4                              }
  50   3                              P2=~(0x01<<num);
  51   3                              
  52   3                      }
  53   2                      
  54   2              }
C51 COMPILER V9.54   MAIN                                                                  01/08/2023 23:26:03 PAGE 2   

  55   1      }


MODULE INFORMATION:   STATIC OVERLAYABLE
   CODE SIZE        =    107    ----
   CONSTANT SIZE    =   ----    ----
   XDATA SIZE       =   ----    ----
   PDATA SIZE       =   ----    ----
   DATA SIZE        =      1    ----
   IDATA SIZE       =   ----    ----
   BIT SIZE         =   ----    ----
END OF MODULE INFORMATION.


C51 COMPILATION COMPLETE.  0 WARNING(S),  0 ERROR(S)
